Arguments: 
  /usr/local/bin/node /Users/bruno/.yarn/bin/yarn.js test

PATH: 
  /Users/bruno/.yarn/bin:/Users/bruno/.config/yarn/global/node_modules/.bin:/usr/local/bin:/usr/bin:/bin:/usr/sbin:/sbin

Yarn version: 
  1.22.5

Node version: 
  12.19.0

Platform: 
  darwin x64

Trace: 
  SyntaxError: /Users/bruno/Desktop/TU/web/labs/lab4/web-application-architecture-master/week3/tdd-assignment/package.json: Unexpected string in JSON at position 40
      at JSON.parse (<anonymous>)
      at /Users/bruno/.yarn/lib/cli.js:1625:59
      at Generator.next (<anonymous>)
      at step (/Users/bruno/.yarn/lib/cli.js:310:30)
      at /Users/bruno/.yarn/lib/cli.js:321:13

npm manifest: 
  {
    "scripts": {
      "test": "jest"
      "license" : "GNU General Public License (GPL)"
    },
    "devDependencies": {
      "jest": "^26.5.3"
    }
  }

yarn manifest: 
  No manifest

Lockfile: 
  No lockfile
